Reading variables.

Attaching package: ‘dplyr’

The following objects are masked from ‘package:data.table’:

    between, first, last

The following objects are masked from ‘package:stats’:

    filter, lag

The following objects are masked from ‘package:base’:

    intersect, setdiff, setequal, union

Reading input files.
All defined exceptions are found in metadata.
Joining with `by = join_by(Sample)`

Calculating K-mer sensitivity.
Joining with `by = join_by(seqID)`
K-mer sensitivity calculation completed.

Calculating K-mer specificity.
Progress:1/5.
Joining with `by = join_by(seqID)`
Joining with `by = join_by(kmer)`
Progress:2/5.
Joining with `by = join_by(seqID)`
Joining with `by = join_by(kmer)`
Progress:3/5.
Joining with `by = join_by(seqID)`
Joining with `by = join_by(kmer)`
Progress:4/5.
Joining with `by = join_by(seqID)`
Joining with `by = join_by(kmer)`
Progress:5/5.
Joining with `by = join_by(seqID)`
Joining with `by = join_by(kmer)`
Joining with `by = join_by(kmer)`
K-mer specificity calculation completed.

Attaching package: ‘seqinr’

The following object is masked from ‘package:dplyr’:

    count

Generating forward primers.
Generating reverse primers.
Writing the generated forward and reverse primers into FASTA files.
Primer FASTA files were written.

DONE: The script has completed successfully.