Reading variables.
Reading input files.
Calculating the number of samples.
Preparing data for sensitivity and specificity calculations.
Computing sensitivity, specificity, and other key metrics for each primer pair.

File 1/68
Analysing file Pig_sens90_spec95_results_table1.txt
Tables Pig_msens90_mspec98 and Pig_msens90_mspec98were written.

File 2/68
Analysing file Pig_sens90_spec95_results_table10.txt
Tables Pig_msens90_mspec98 and Pig_msens90_mspec98were written.

File 3/68
Analysing file Pig_sens90_spec95_results_table11.txt
Tables Pig_msens90_mspec98 and Pig_msens90_mspec98were written.

File 4/68
Analysing file Pig_sens90_spec95_results_table12.txt
Tables Pig_msens90_mspec98 and Pig_msens90_mspec98were written.

File 5/68
Analysing file Pig_sens90_spec95_results_table13.txt
Tables Pig_msens90_mspec98 and Pig_msens90_mspec98were written.

File 6/68
Analysing file Pig_sens90_spec95_results_table14.txt
Tables Pig_msens90_mspec98 and Pig_msens90_mspec98were written.

File 7/68
Analysing file Pig_sens90_spec95_results_table15.txt
Tables Pig_msens90_mspec98 and Pig_msens90_mspec98were written.

File 8/68
Analysing file Pig_sens90_spec95_results_table16.txt
Tables Pig_msens90_mspec98 and Pig_msens90_mspec98were written.

File 9/68
Analysing file Pig_sens90_spec95_results_table17.txt
Tables Pig_msens90_mspec98 and Pig_msens90_mspec98were written.

File 10/68
Analysing file Pig_sens90_spec95_results_table18.txt
Tables Pig_msens90_mspec98 and Pig_msens90_mspec98were written.

File 11/68
Analysing file Pig_sens90_spec95_results_table19.txt
Tables Pig_msens90_mspec98 and Pig_msens90_mspec98were written.

File 12/68
Analysing file Pig_sens90_spec95_results_table2.txt
Tables Pig_msens90_mspec98 and Pig_msens90_mspec98were written.

File 13/68
Analysing file Pig_sens90_spec95_results_table20.txt
Tables Pig_msens90_mspec98 and Pig_msens90_mspec98were written.

File 14/68
Analysing file Pig_sens90_spec95_results_table21.txt
Tables Pig_msens90_mspec98 and Pig_msens90_mspec98were written.

File 15/68
Analysing file Pig_sens90_spec95_results_table22.txt
Tables Pig_msens90_mspec98 and Pig_msens90_mspec98were written.

File 16/68
Analysing file Pig_sens90_spec95_results_table23.txt
Tables Pig_msens90_mspec98 and Pig_msens90_mspec98were written.

File 17/68
Analysing file Pig_sens90_spec95_results_table24.txt
Tables Pig_msens90_mspec98 and Pig_msens90_mspec98were written.

File 18/68
Analysing file Pig_sens90_spec95_results_table25.txt
Tables Pig_msens90_mspec98 and Pig_msens90_mspec98were written.

File 19/68
Analysing file Pig_sens90_spec95_results_table26.txt
Tables Pig_msens90_mspec98 and Pig_msens90_mspec98were written.

File 20/68
Analysing file Pig_sens90_spec95_results_table27.txt
Tables Pig_msens90_mspec98 and Pig_msens90_mspec98were written.

File 21/68
Analysing file Pig_sens90_spec95_results_table28.txt
Tables Pig_msens90_mspec98 and Pig_msens90_mspec98were written.

File 22/68
Analysing file Pig_sens90_spec95_results_table29.txt
Tables Pig_msens90_mspec98 and Pig_msens90_mspec98were written.

File 23/68
Analysing file Pig_sens90_spec95_results_table3.txt
Tables Pig_msens90_mspec98 and Pig_msens90_mspec98were written.

File 24/68
Analysing file Pig_sens90_spec95_results_table30.txt
Tables Pig_msens90_mspec98 and Pig_msens90_mspec98were written.

File 25/68
Analysing file Pig_sens90_spec95_results_table31.txt
Tables Pig_msens90_mspec98 and Pig_msens90_mspec98were written.

File 26/68
Analysing file Pig_sens90_spec95_results_table32.txt
Tables Pig_msens90_mspec98 and Pig_msens90_mspec98were written.

File 27/68
Analysing file Pig_sens90_spec95_results_table33.txt
Tables Pig_msens90_mspec98 and Pig_msens90_mspec98were written.

File 28/68
Analysing file Pig_sens90_spec95_results_table34.txt
Tables Pig_msens90_mspec98 and Pig_msens90_mspec98were written.

File 29/68
Analysing file Pig_sens90_spec95_results_table35.txt
Tables Pig_msens90_mspec98 and Pig_msens90_mspec98were written.

File 30/68
Analysing file Pig_sens90_spec95_results_table36.txt
Tables Pig_msens90_mspec98 and Pig_msens90_mspec98were written.

File 31/68
Analysing file Pig_sens90_spec95_results_table37.txt
Tables Pig_msens90_mspec98 and Pig_msens90_mspec98were written.

File 32/68
Analysing file Pig_sens90_spec95_results_table38.txt
Tables Pig_msens90_mspec98 and Pig_msens90_mspec98were written.

File 33/68
Analysing file Pig_sens90_spec95_results_table39.txt
Tables Pig_msens90_mspec98 and Pig_msens90_mspec98were written.

File 34/68
Analysing file Pig_sens90_spec95_results_table4.txt
Tables Pig_msens90_mspec98 and Pig_msens90_mspec98were written.

File 35/68
Analysing file Pig_sens90_spec95_results_table40.txt
Tables Pig_msens90_mspec98 and Pig_msens90_mspec98were written.

File 36/68
Analysing file Pig_sens90_spec95_results_table41.txt
Tables Pig_msens90_mspec98 and Pig_msens90_mspec98were written.

File 37/68
Analysing file Pig_sens90_spec95_results_table42.txt
Tables Pig_msens90_mspec98 and Pig_msens90_mspec98were written.

File 38/68
Analysing file Pig_sens90_spec95_results_table43.txt
Tables Pig_msens90_mspec98 and Pig_msens90_mspec98were written.

File 39/68
Analysing file Pig_sens90_spec95_results_table44.txt
Tables Pig_msens90_mspec98 and Pig_msens90_mspec98were written.

File 40/68
Analysing file Pig_sens90_spec95_results_table45.txt
Tables Pig_msens90_mspec98 and Pig_msens90_mspec98were written.

File 41/68
Analysing file Pig_sens90_spec95_results_table46.txt
Tables Pig_msens90_mspec98 and Pig_msens90_mspec98were written.

File 42/68
Analysing file Pig_sens90_spec95_results_table47.txt
Tables Pig_msens90_mspec98 and Pig_msens90_mspec98were written.

File 43/68
Analysing file Pig_sens90_spec95_results_table48.txt
Tables Pig_msens90_mspec98 and Pig_msens90_mspec98were written.

File 44/68
Analysing file Pig_sens90_spec95_results_table49.txt
Tables Pig_msens90_mspec98 and Pig_msens90_mspec98were written.

File 45/68
Analysing file Pig_sens90_spec95_results_table5.txt
Tables Pig_msens90_mspec98 and Pig_msens90_mspec98were written.

File 46/68
Analysing file Pig_sens90_spec95_results_table50.txt
Tables Pig_msens90_mspec98 and Pig_msens90_mspec98were written.

File 47/68
Analysing file Pig_sens90_spec95_results_table51.txt
Tables Pig_msens90_mspec98 and Pig_msens90_mspec98were written.

File 48/68
Analysing file Pig_sens90_spec95_results_table52.txt
Tables Pig_msens90_mspec98 and Pig_msens90_mspec98were written.

File 49/68
Analysing file Pig_sens90_spec95_results_table53.txt
Tables Pig_msens90_mspec98 and Pig_msens90_mspec98were written.

File 50/68
Analysing file Pig_sens90_spec95_results_table54.txt
Tables Pig_msens90_mspec98 and Pig_msens90_mspec98were written.

File 51/68
Analysing file Pig_sens90_spec95_results_table55.txt
Tables Pig_msens90_mspec98 and Pig_msens90_mspec98were written.

File 52/68
Analysing file Pig_sens90_spec95_results_table56.txt
Tables Pig_msens90_mspec98 and Pig_msens90_mspec98were written.

File 53/68
Analysing file Pig_sens90_spec95_results_table57.txt
Tables Pig_msens90_mspec98 and Pig_msens90_mspec98were written.

File 54/68
Analysing file Pig_sens90_spec95_results_table58.txt
Tables Pig_msens90_mspec98 and Pig_msens90_mspec98were written.

File 55/68
Analysing file Pig_sens90_spec95_results_table59.txt
Tables Pig_msens90_mspec98 and Pig_msens90_mspec98were written.

File 56/68
Analysing file Pig_sens90_spec95_results_table6.txt
Tables Pig_msens90_mspec98 and Pig_msens90_mspec98were written.

File 57/68
Analysing file Pig_sens90_spec95_results_table60.txt
Tables Pig_msens90_mspec98 and Pig_msens90_mspec98were written.

File 58/68
Analysing file Pig_sens90_spec95_results_table61.txt
Tables Pig_msens90_mspec98 and Pig_msens90_mspec98were written.

File 59/68
Analysing file Pig_sens90_spec95_results_table62.txt
Tables Pig_msens90_mspec98 and Pig_msens90_mspec98were written.

File 60/68
Analysing file Pig_sens90_spec95_results_table63.txt
Tables Pig_msens90_mspec98 and Pig_msens90_mspec98were written.

File 61/68
Analysing file Pig_sens90_spec95_results_table64.txt
Tables Pig_msens90_mspec98 and Pig_msens90_mspec98were written.

File 62/68
Analysing file Pig_sens90_spec95_results_table65.txt
Tables Pig_msens90_mspec98 and Pig_msens90_mspec98were written.

File 63/68
Analysing file Pig_sens90_spec95_results_table66.txt
Tables Pig_msens90_mspec98 and Pig_msens90_mspec98were written.

File 64/68
Analysing file Pig_sens90_spec95_results_table67.txt
Tables Pig_msens90_mspec98 and Pig_msens90_mspec98were written.

File 65/68
Analysing file Pig_sens90_spec95_results_table68.txt
Tables Pig_msens90_mspec98 and Pig_msens90_mspec98were written.

File 66/68
Analysing file Pig_sens90_spec95_results_table7.txt
Tables Pig_msens90_mspec98 and Pig_msens90_mspec98were written.

File 67/68
Analysing file Pig_sens90_spec95_results_table8.txt
Tables Pig_msens90_mspec98 and Pig_msens90_mspec98were written.

File 68/68
Analysing file Pig_sens90_spec95_results_table9.txt
Tables Pig_msens90_mspec98 and Pig_msens90_mspec98were written.

DONE: The script has completed successfully.