
Attaching package: ‘dplyr’

The following objects are masked from ‘package:stats’:

    filter, lag

The following objects are masked from ‘package:base’:

    intersect, setdiff, setequal, union

Reading variables.

Attaching package: ‘config’

The following objects are masked from ‘package:base’:

    get, merge

Finished processing file number 1(1.47% finished)
Finished processing file number 10(2.94% finished)
Finished processing file number 11(4.41% finished)
Finished processing file number 12(5.88% finished)
Finished processing file number 13(7.35% finished)
Finished processing file number 14(8.82% finished)
Finished processing file number 15(10.29% finished)
Finished processing file number 16(11.76% finished)
Finished processing file number 17(13.24% finished)
Finished processing file number 18(14.71% finished)
Finished processing file number 19(16.18% finished)
Finished processing file number 2(17.65% finished)
Finished processing file number 20(19.12% finished)
Finished processing file number 21(20.59% finished)
Finished processing file number 22(22.06% finished)
Finished processing file number 23(23.53% finished)
Finished processing file number 24(25% finished)
Finished processing file number 25(26.47% finished)
Finished processing file number 26(27.94% finished)
Finished processing file number 27(29.41% finished)
Finished processing file number 28(30.88% finished)
Finished processing file number 29(32.35% finished)
Finished processing file number 3(33.82% finished)
Finished processing file number 30(35.29% finished)
Finished processing file number 31(36.76% finished)
Finished processing file number 32(38.24% finished)
Finished processing file number 33(39.71% finished)
Finished processing file number 34(41.18% finished)
Finished processing file number 35(42.65% finished)
Finished processing file number 36(44.12% finished)
Finished processing file number 37(45.59% finished)
Finished processing file number 38(47.06% finished)
Finished processing file number 39(48.53% finished)
Finished processing file number 4(50% finished)
Finished processing file number 40(51.47% finished)
Finished processing file number 41(52.94% finished)
Finished processing file number 42(54.41% finished)
Finished processing file number 43(55.88% finished)
Finished processing file number 44(57.35% finished)
Finished processing file number 45(58.82% finished)
Finished processing file number 46(60.29% finished)
Finished processing file number 47(61.76% finished)
Finished processing file number 48(63.24% finished)
Finished processing file number 49(64.71% finished)
Finished processing file number 5(66.18% finished)
Finished processing file number 50(67.65% finished)
Finished processing file number 51(69.12% finished)
Finished processing file number 52(70.59% finished)
Finished processing file number 53(72.06% finished)
Finished processing file number 54(73.53% finished)
Finished processing file number 55(75% finished)
Finished processing file number 56(76.47% finished)
Finished processing file number 57(77.94% finished)
Finished processing file number 58(79.41% finished)
Finished processing file number 59(80.88% finished)
Finished processing file number 6(82.35% finished)
Finished processing file number 60(83.82% finished)
Finished processing file number 61(85.29% finished)
Finished processing file number 62(86.76% finished)
Finished processing file number 63(88.24% finished)
Finished processing file number 64(89.71% finished)
Finished processing file number 65(91.18% finished)
Finished processing file number 66(92.65% finished)
Finished processing file number 67(94.12% finished)
Finished processing file number 68(95.59% finished)
Finished processing file number 7(97.06% finished)
Finished processing file number 8(98.53% finished)
Finished processing file number 9(100% finished)
The final results have been saved to: out/Pig/sens90_spec95/final_results/Pig_msens90_mspec98_final_results.tsv

DONE: The script has completed successfully.